2025-12-13 13:24:26 [INFO] 🤖 AI News Filter: ✅ Enabled (Perplexity)
2025-12-13 13:24:26 [INFO] ============================================================
2025-12-13 13:24:26 [INFO] 🤖 AlphaBot-Scalper V4 Initialized
2025-12-13 13:24:26 [INFO]    Mode: ⚪ SIMULATION
2025-12-13 13:24:26 [INFO]    Symbol: BTC/USDT
2025-12-13 13:24:26 [INFO]    Timeframe: 5m
2025-12-13 13:24:26 [INFO]    Capital: $4.50
2025-12-13 13:24:26 [INFO]    Leverage: 20x
2025-12-13 13:24:26 [INFO]    DSL: 80.0%
2025-12-13 13:24:26 [INFO]    MDD: 80.0%
2025-12-13 13:24:26 [INFO]    Telegram: ✅ Enabled
2025-12-13 13:24:26 [INFO] ============================================================
2025-12-13 13:24:26 [INFO] 🚀 Starting LIVE trading...
2025-12-13 13:24:29 [ERROR] [Agent-A] Failed to fetch data: binance {"code":-2015,"msg":"Invalid API-key, IP, or permissions for action."}
2025-12-13 13:25:29 [ERROR] [Agent-A] Failed to fetch data: binance {"code":-2015,"msg":"Invalid API-key, IP, or permissions for action."}
2025-12-13 13:26:29 [ERROR] [Agent-A] Failed to fetch data: binance {"code":-2015,"msg":"Invalid API-key, IP, or permissions for action."}
2025-12-13 13:27:29 [ERROR] [Agent-A] Failed to fetch data: binance {"code":-2015,"msg":"Invalid API-key, IP, or permissions for action."}
2025-12-13 13:28:29 [ERROR] [Agent-A] Failed to fetch data: binance {"code":-2015,"msg":"Invalid API-key, IP, or permissions for action."}
2025-12-13 13:29:29 [ERROR] [Agent-A] Failed to fetch data: binance {"code":-2015,"msg":"Invalid API-key, IP, or permissions for action."}
2025-12-13 13:30:29 [ERROR] [Agent-A] Failed to fetch data: binance {"code":-2015,"msg":"Invalid API-key, IP, or permissions for action."}
2025-12-13 13:31:29 [ERROR] [Agent-A] Failed to fetch data: binance {"code":-2015,"msg":"Invalid API-key, IP, or permissions for action."}
2025-12-13 13:32:29 [ERROR] [Agent-A] Failed to fetch data: binance {"code":-2015,"msg":"Invalid API-key, IP, or permissions for action."}
2025-12-13 13:33:30 [ERROR] [Agent-A] Failed to fetch data: binance {"code":-2015,"msg":"Invalid API-key, IP, or permissions for action."}
2025-12-13 13:34:30 [ERROR] [Agent-A] Failed to fetch data: binance {"code":-2015,"msg":"Invalid API-key, IP, or permissions for action."}
2025-12-13 13:35:30 [ERROR] [Agent-A] Failed to fetch data: binance {"code":-2015,"msg":"Invalid API-key, IP, or permissions for action."}
2025-12-13 13:36:30 [ERROR] [Agent-A] Failed to fetch data: binance {"code":-2015,"msg":"Invalid API-key, IP, or permissions for action."}
2025-12-13 13:37:30 [ERROR] [Agent-A] Failed to fetch data: binance {"code":-2015,"msg":"Invalid API-key, IP, or permissions for action."}
2025-12-13 13:38:30 [ERROR] [Agent-A] Failed to fetch data: binance {"code":-2015,"msg":"Invalid API-key, IP, or permissions for action."}
2025-12-13 13:39:30 [ERROR] [Agent-A] Failed to fetch data: binance {"code":-2015,"msg":"Invalid API-key, IP, or permissions for action."}
2025-12-13 13:40:30 [ERROR] [Agent-A] Failed to fetch data: binance {"code":-2015,"msg":"Invalid API-key, IP, or permissions for action."}
2025-12-13 13:41:30 [ERROR] [Agent-A] Failed to fetch data: binance {"code":-2015,"msg":"Invalid API-key, IP, or permissions for action."}
2025-12-13 13:42:30 [ERROR] [Agent-A] Failed to fetch data: binance {"code":-2015,"msg":"Invalid API-key, IP, or permissions for action."}
2025-12-13 13:43:30 [ERROR] [Agent-A] Failed to fetch data: binance {"code":-2015,"msg":"Invalid API-key, IP, or permissions for action."}
2025-12-13 13:44:31 [ERROR] [Agent-A] Failed to fetch data: binance {"code":-2015,"msg":"Invalid API-key, IP, or permissions for action."}
2025-12-13 13:45:31 [ERROR] [Agent-A] Failed to fetch data: binance {"code":-2015,"msg":"Invalid API-key, IP, or permissions for action."}
2025-12-13 13:46:31 [ERROR] [Agent-A] Failed to fetch data: binance {"code":-2015,"msg":"Invalid API-key, IP, or permissions for action."}
2025-12-13 13:47:31 [ERROR] [Agent-A] Failed to fetch data: binance {"code":-2015,"msg":"Invalid API-key, IP, or permissions for action."}
2025-12-13 13:48:31 [ERROR] [Agent-A] Failed to fetch data: binance {"code":-2015,"msg":"Invalid API-key, IP, or permissions for action."}
2025-12-13 13:49:31 [ERROR] [Agent-A] Failed to fetch data: binance {"code":-2015,"msg":"Invalid API-key, IP, or permissions for action."}
2025-12-13 13:50:31 [ERROR] [Agent-A] Failed to fetch data: binance {"code":-2015,"msg":"Invalid API-key, IP, or permissions for action."}
2025-12-13 13:51:31 [ERROR] [Agent-A] Failed to fetch data: binance {"code":-2015,"msg":"Invalid API-key, IP, or permissions for action."}
2025-12-13 13:52:31 [ERROR] [Agent-A] Failed to fetch data: binance {"code":-2015,"msg":"Invalid API-key, IP, or permissions for action."}
2025-12-13 13:53:31 [ERROR] [Agent-A] Failed to fetch data: binance {"code":-2015,"msg":"Invalid API-key, IP, or permissions for action."}
2025-12-13 13:54:32 [ERROR] [Agent-A] Failed to fetch data: binance {"code":-2015,"msg":"Invalid API-key, IP, or permissions for action."}
2025-12-13 13:55:32 [ERROR] [Agent-A] Failed to fetch data: binance {"code":-2015,"msg":"Invalid API-key, IP, or permissions for action."}
2025-12-13 13:56:32 [ERROR] [Agent-A] Failed to fetch data: binance {"code":-2015,"msg":"Invalid API-key, IP, or permissions for action."}
2025-12-13 13:57:32 [ERROR] [Agent-A] Failed to fetch data: binance {"code":-2015,"msg":"Invalid API-key, IP, or permissions for action."}
2025-12-13 13:58:32 [ERROR] [Agent-A] Failed to fetch data: binance {"code":-2015,"msg":"Invalid API-key, IP, or permissions for action."}
2025-12-13 13:59:32 [ERROR] [Agent-A] Failed to fetch data: binance {"code":-2015,"msg":"Invalid API-key, IP, or permissions for action."}
2025-12-13 14:00:32 [ERROR] [Agent-A] Failed to fetch data: binance {"code":-2015,"msg":"Invalid API-key, IP, or permissions for action."}
2025-12-13 14:00:33 [INFO] [Telegram] Sent hourly status update
2025-12-13 14:01:33 [ERROR] [Agent-A] Failed to fetch data: binance {"code":-2015,"msg":"Invalid API-key, IP, or permissions for action."}
2025-12-13 14:02:33 [ERROR] [Agent-A] Failed to fetch data: binance {"code":-2015,"msg":"Invalid API-key, IP, or permissions for action."}
2025-12-13 14:03:33 [ERROR] [Agent-A] Failed to fetch data: binance {"code":-2015,"msg":"Invalid API-key, IP, or permissions for action."}
2025-12-13 14:04:33 [ERROR] [Agent-A] Failed to fetch data: binance {"code":-2015,"msg":"Invalid API-key, IP, or permissions for action."}
2025-12-13 14:05:33 [ERROR] [Agent-A] Failed to fetch data: binance {"code":-2015,"msg":"Invalid API-key, IP, or permissions for action."}
2025-12-13 14:06:33 [ERROR] [Agent-A] Failed to fetch data: binance {"code":-2015,"msg":"Invalid API-key, IP, or permissions for action."}
2025-12-13 14:07:34 [ERROR] [Agent-A] Failed to fetch data: binance {"code":-2015,"msg":"Invalid API-key, IP, or permissions for action."}
2025-12-13 14:08:34 [ERROR] [Agent-A] Failed to fetch data: binance {"code":-2015,"msg":"Invalid API-key, IP, or permissions for action."}
2025-12-13 14:09:34 [ERROR] [Agent-A] Failed to fetch data: binance {"code":-2015,"msg":"Invalid API-key, IP, or permissions for action."}
2025-12-13 14:10:34 [ERROR] [Agent-A] Failed to fetch data: binance {"code":-2015,"msg":"Invalid API-key, IP, or permissions for action."}
2025-12-13 14:11:34 [ERROR] [Agent-A] Failed to fetch data: binance {"code":-2015,"msg":"Invalid API-key, IP, or permissions for action."}
2025-12-13 14:12:34 [ERROR] [Agent-A] Failed to fetch data: binance {"code":-2015,"msg":"Invalid API-key, IP, or permissions for action."}
2025-12-13 14:13:34 [ERROR] [Agent-A] Failed to fetch data: binance {"code":-2015,"msg":"Invalid API-key, IP, or permissions for action."}
2025-12-13 14:14:34 [ERROR] [Agent-A] Failed to fetch data: binance {"code":-2015,"msg":"Invalid API-key, IP, or permissions for action."}
2025-12-13 14:15:34 [ERROR] [Agent-A] Failed to fetch data: binance {"code":-2015,"msg":"Invalid API-key, IP, or permissions for action."}
2025-12-13 14:16:34 [ERROR] [Agent-A] Failed to fetch data: binance {"code":-2015,"msg":"Invalid API-key, IP, or permissions for action."}
2025-12-13 14:17:34 [ERROR] [Agent-A] Failed to fetch data: binance {"code":-2015,"msg":"Invalid API-key, IP, or permissions for action."}
2025-12-13 14:18:35 [ERROR] [Agent-A] Failed to fetch data: binance {"code":-2015,"msg":"Invalid API-key, IP, or permissions for action."}
2025-12-13 14:19:35 [ERROR] [Agent-A] Failed to fetch data: binance {"code":-2015,"msg":"Invalid API-key, IP, or permissions for action."}
2025-12-13 14:20:35 [ERROR] [Agent-A] Failed to fetch data: binance {"code":-2015,"msg":"Invalid API-key, IP, or permissions for action."}
2025-12-13 14:21:35 [ERROR] [Agent-A] Failed to fetch data: binance {"code":-2015,"msg":"Invalid API-key, IP, or permissions for action."}
2025-12-13 14:22:35 [ERROR] [Agent-A] Failed to fetch data: binance {"code":-2015,"msg":"Invalid API-key, IP, or permissions for action."}
2025-12-13 14:23:35 [ERROR] [Agent-A] Failed to fetch data: binance {"code":-2015,"msg":"Invalid API-key, IP, or permissions for action."}
2025-12-13 14:24:35 [ERROR] [Agent-A] Failed to fetch data: binance {"code":-2015,"msg":"Invalid API-key, IP, or permissions for action."}
2025-12-13 14:25:35 [ERROR] [Agent-A] Failed to fetch data: binance {"code":-2015,"msg":"Invalid API-key, IP, or permissions for action."}
2025-12-13 14:26:35 [ERROR] [Agent-A] Failed to fetch data: binance {"code":-2015,"msg":"Invalid API-key, IP, or permissions for action."}
2025-12-13 14:27:35 [ERROR] [Agent-A] Failed to fetch data: binance {"code":-2015,"msg":"Invalid API-key, IP, or permissions for action."}
2025-12-13 14:28:35 [ERROR] [Agent-A] Failed to fetch data: binance {"code":-2015,"msg":"Invalid API-key, IP, or permissions for action."}
2025-12-13 14:29:36 [ERROR] [Agent-A] Failed to fetch data: binance {"code":-2015,"msg":"Invalid API-key, IP, or permissions for action."}
2025-12-13 14:30:36 [ERROR] [Agent-A] Failed to fetch data: binance {"code":-2015,"msg":"Invalid API-key, IP, or permissions for action."}
2025-12-13 14:31:36 [ERROR] [Agent-A] Failed to fetch data: binance {"code":-2015,"msg":"Invalid API-key, IP, or permissions for action."}
2025-12-13 14:32:36 [ERROR] [Agent-A] Failed to fetch data: binance {"code":-2015,"msg":"Invalid API-key, IP, or permissions for action."}
2025-12-13 14:33:36 [ERROR] [Agent-A] Failed to fetch data: binance {"code":-2015,"msg":"Invalid API-key, IP, or permissions for action."}
2025-12-13 14:34:36 [ERROR] [Agent-A] Failed to fetch data: binance {"code":-2015,"msg":"Invalid API-key, IP, or permissions for action."}
2025-12-13 14:35:36 [ERROR] [Agent-A] Failed to fetch data: binance {"code":-2015,"msg":"Invalid API-key, IP, or permissions for action."}
2025-12-13 14:36:36 [ERROR] [Agent-A] Failed to fetch data: binance {"code":-2015,"msg":"Invalid API-key, IP, or permissions for action."}
2025-12-13 14:37:36 [ERROR] [Agent-A] Failed to fetch data: binance {"code":-2015,"msg":"Invalid API-key, IP, or permissions for action."}
2025-12-13 14:38:36 [ERROR] [Agent-A] Failed to fetch data: binance {"code":-2015,"msg":"Invalid API-key, IP, or permissions for action."}
2025-12-13 14:39:36 [ERROR] [Agent-A] Failed to fetch data: binance {"code":-2015,"msg":"Invalid API-key, IP, or permissions for action."}
2025-12-13 14:40:37 [ERROR] [Agent-A] Failed to fetch data: binance {"code":-2015,"msg":"Invalid API-key, IP, or permissions for action."}
2025-12-13 14:41:37 [ERROR] [Agent-A] Failed to fetch data: binance {"code":-2015,"msg":"Invalid API-key, IP, or permissions for action."}
2025-12-13 14:42:37 [ERROR] [Agent-A] Failed to fetch data: binance {"code":-2015,"msg":"Invalid API-key, IP, or permissions for action."}
2025-12-13 14:43:37 [ERROR] [Agent-A] Failed to fetch data: binance {"code":-2015,"msg":"Invalid API-key, IP, or permissions for action."}
2025-12-13 14:44:37 [ERROR] [Agent-A] Failed to fetch data: binance {"code":-2015,"msg":"Invalid API-key, IP, or permissions for action."}
2025-12-13 14:45:37 [ERROR] [Agent-A] Failed to fetch data: binance {"code":-2015,"msg":"Invalid API-key, IP, or permissions for action."}
2025-12-13 14:46:37 [ERROR] [Agent-A] Failed to fetch data: binance {"code":-2015,"msg":"Invalid API-key, IP, or permissions for action."}
2025-12-13 14:47:37 [ERROR] [Agent-A] Failed to fetch data: binance {"code":-2015,"msg":"Invalid API-key, IP, or permissions for action."}
2025-12-13 14:48:37 [ERROR] [Agent-A] Failed to fetch data: binance {"code":-2015,"msg":"Invalid API-key, IP, or permissions for action."}
2025-12-13 14:49:37 [ERROR] [Agent-A] Failed to fetch data: binance {"code":-2015,"msg":"Invalid API-key, IP, or permissions for action."}
2025-12-13 14:50:38 [ERROR] [Agent-A] Failed to fetch data: binance {"code":-2015,"msg":"Invalid API-key, IP, or permissions for action."}
2025-12-13 14:51:38 [ERROR] [Agent-A] Failed to fetch data: binance {"code":-2015,"msg":"Invalid API-key, IP, or permissions for action."}
2025-12-13 14:52:38 [ERROR] [Agent-A] Failed to fetch data: binance {"code":-2015,"msg":"Invalid API-key, IP, or permissions for action."}
2025-12-13 14:53:38 [ERROR] [Agent-A] Failed to fetch data: binance {"code":-2015,"msg":"Invalid API-key, IP, or permissions for action."}
2025-12-13 14:54:38 [ERROR] [Agent-A] Failed to fetch data: binance {"code":-2015,"msg":"Invalid API-key, IP, or permissions for action."}
2025-12-13 14:55:38 [ERROR] [Agent-A] Failed to fetch data: binance {"code":-2015,"msg":"Invalid API-key, IP, or permissions for action."}
2025-12-13 14:56:38 [ERROR] [Agent-A] Failed to fetch data: binance {"code":-2015,"msg":"Invalid API-key, IP, or permissions for action."}
2025-12-13 14:57:38 [ERROR] [Agent-A] Failed to fetch data: binance {"code":-2015,"msg":"Invalid API-key, IP, or permissions for action."}
2025-12-13 14:58:38 [ERROR] [Agent-A] Failed to fetch data: binance {"code":-2015,"msg":"Invalid API-key, IP, or permissions for action."}
2025-12-13 14:59:38 [ERROR] [Agent-A] Failed to fetch data: binance {"code":-2015,"msg":"Invalid API-key, IP, or permissions for action."}
2025-12-13 15:00:38 [ERROR] [Agent-A] Failed to fetch data: binance {"code":-2015,"msg":"Invalid API-key, IP, or permissions for action."}
2025-12-13 15:00:39 [INFO] [Telegram] Sent hourly status update
2025-12-13 15:01:39 [ERROR] [Agent-A] Failed to fetch data: binance {"code":-2015,"msg":"Invalid API-key, IP, or permissions for action."}
2025-12-13 15:02:39 [ERROR] [Agent-A] Failed to fetch data: binance {"code":-2015,"msg":"Invalid API-key, IP, or permissions for action."}
2025-12-13 15:03:39 [ERROR] [Agent-A] Failed to fetch data: binance {"code":-2015,"msg":"Invalid API-key, IP, or permissions for action."}
2025-12-13 15:04:40 [ERROR] [Agent-A] Failed to fetch data: binance {"code":-2015,"msg":"Invalid API-key, IP, or permissions for action."}
2025-12-13 15:05:40 [ERROR] [Agent-A] Failed to fetch data: binance {"code":-2015,"msg":"Invalid API-key, IP, or permissions for action."}
2025-12-13 15:06:40 [ERROR] [Agent-A] Failed to fetch data: binance {"code":-2015,"msg":"Invalid API-key, IP, or permissions for action."}
2025-12-13 15:07:40 [ERROR] [Agent-A] Failed to fetch data: binance {"code":-2015,"msg":"Invalid API-key, IP, or permissions for action."}
2025-12-13 15:08:40 [ERROR] [Agent-A] Failed to fetch data: binance {"code":-2015,"msg":"Invalid API-key, IP, or permissions for action."}
2025-12-13 15:09:40 [ERROR] [Agent-A] Failed to fetch data: binance {"code":-2015,"msg":"Invalid API-key, IP, or permissions for action."}
2025-12-13 15:10:40 [ERROR] [Agent-A] Failed to fetch data: binance {"code":-2015,"msg":"Invalid API-key, IP, or permissions for action."}
2025-12-13 15:11:40 [ERROR] [Agent-A] Failed to fetch data: binance {"code":-2015,"msg":"Invalid API-key, IP, or permissions for action."}
2025-12-13 15:12:40 [ERROR] [Agent-A] Failed to fetch data: binance {"code":-2015,"msg":"Invalid API-key, IP, or permissions for action."}
2025-12-13 15:13:41 [ERROR] [Agent-A] Failed to fetch data: binance {"code":-2015,"msg":"Invalid API-key, IP, or permissions for action."}
2025-12-13 15:14:41 [ERROR] [Agent-A] Failed to fetch data: binance {"code":-2015,"msg":"Invalid API-key, IP, or permissions for action."}
2025-12-13 15:15:41 [ERROR] [Agent-A] Failed to fetch data: binance {"code":-2015,"msg":"Invalid API-key, IP, or permissions for action."}
2025-12-13 15:16:41 [ERROR] [Agent-A] Failed to fetch data: binance {"code":-2015,"msg":"Invalid API-key, IP, or permissions for action."}
2025-12-13 15:17:41 [ERROR] [Agent-A] Failed to fetch data: binance {"code":-2015,"msg":"Invalid API-key, IP, or permissions for action."}
2025-12-13 15:18:41 [ERROR] [Agent-A] Failed to fetch data: binance {"code":-2015,"msg":"Invalid API-key, IP, or permissions for action."}
2025-12-13 15:19:42 [ERROR] [Agent-A] Failed to fetch data: binance {"code":-2015,"msg":"Invalid API-key, IP, or permissions for action."}
2025-12-13 15:20:42 [ERROR] [Agent-A] Failed to fetch data: binance {"code":-2015,"msg":"Invalid API-key, IP, or permissions for action."}
2025-12-13 15:21:42 [ERROR] [Agent-A] Failed to fetch data: binance {"code":-2015,"msg":"Invalid API-key, IP, or permissions for action."}
2025-12-13 15:22:42 [ERROR] [Agent-A] Failed to fetch data: binance {"code":-2015,"msg":"Invalid API-key, IP, or permissions for action."}
2025-12-13 15:23:42 [ERROR] [Agent-A] Failed to fetch data: binance {"code":-2015,"msg":"Invalid API-key, IP, or permissions for action."}
2025-12-13 15:24:42 [ERROR] [Agent-A] Failed to fetch data: binance {"code":-2015,"msg":"Invalid API-key, IP, or permissions for action."}
2025-12-13 15:25:42 [ERROR] [Agent-A] Failed to fetch data: binance {"code":-2015,"msg":"Invalid API-key, IP, or permissions for action."}
2025-12-13 15:26:42 [ERROR] [Agent-A] Failed to fetch data: binance {"code":-2015,"msg":"Invalid API-key, IP, or permissions for action."}
2025-12-13 15:27:42 [ERROR] [Agent-A] Failed to fetch data: binance {"code":-2015,"msg":"Invalid API-key, IP, or permissions for action."}
2025-12-13 15:28:42 [ERROR] [Agent-A] Failed to fetch data: binance {"code":-2015,"msg":"Invalid API-key, IP, or permissions for action."}
2025-12-13 15:29:43 [ERROR] [Agent-A] Failed to fetch data: binance {"code":-2015,"msg":"Invalid API-key, IP, or permissions for action."}
2025-12-13 15:30:43 [ERROR] [Agent-A] Failed to fetch data: binance {"code":-2015,"msg":"Invalid API-key, IP, or permissions for action."}
2025-12-13 15:31:43 [ERROR] [Agent-A] Failed to fetch data: binance {"code":-2015,"msg":"Invalid API-key, IP, or permissions for action."}
2025-12-13 15:32:43 [ERROR] [Agent-A] Failed to fetch data: binance {"code":-2015,"msg":"Invalid API-key, IP, or permissions for action."}
2025-12-13 15:33:43 [ERROR] [Agent-A] Failed to fetch data: binance {"code":-2015,"msg":"Invalid API-key, IP, or permissions for action."}
2025-12-13 15:34:43 [ERROR] [Agent-A] Failed to fetch data: binance {"code":-2015,"msg":"Invalid API-key, IP, or permissions for action."}
2025-12-13 15:35:43 [ERROR] [Agent-A] Failed to fetch data: binance {"code":-2015,"msg":"Invalid API-key, IP, or permissions for action."}
2025-12-13 15:36:43 [ERROR] [Agent-A] Failed to fetch data: binance {"code":-2015,"msg":"Invalid API-key, IP, or permissions for action."}
2025-12-13 15:37:43 [ERROR] [Agent-A] Failed to fetch data: binance {"code":-2015,"msg":"Invalid API-key, IP, or permissions for action."}
2025-12-13 15:38:43 [ERROR] [Agent-A] Failed to fetch data: binance {"code":-2015,"msg":"Invalid API-key, IP, or permissions for action."}
2025-12-13 15:39:43 [ERROR] [Agent-A] Failed to fetch data: binance {"code":-2015,"msg":"Invalid API-key, IP, or permissions for action."}
2025-12-13 15:40:44 [ERROR] [Agent-A] Failed to fetch data: binance {"code":-2015,"msg":"Invalid API-key, IP, or permissions for action."}
2025-12-13 15:41:44 [ERROR] [Agent-A] Failed to fetch data: binance {"code":-2015,"msg":"Invalid API-key, IP, or permissions for action."}
2025-12-13 15:42:44 [ERROR] [Agent-A] Failed to fetch data: binance {"code":-2015,"msg":"Invalid API-key, IP, or permissions for action."}
2025-12-13 15:43:44 [ERROR] [Agent-A] Failed to fetch data: binance {"code":-2015,"msg":"Invalid API-key, IP, or permissions for action."}
2025-12-13 15:44:44 [ERROR] [Agent-A] Failed to fetch data: binance {"code":-2015,"msg":"Invalid API-key, IP, or permissions for action."}
2025-12-13 15:45:44 [ERROR] [Agent-A] Failed to fetch data: binance {"code":-2015,"msg":"Invalid API-key, IP, or permissions for action."}
2025-12-13 15:46:44 [ERROR] [Agent-A] Failed to fetch data: binance {"code":-2015,"msg":"Invalid API-key, IP, or permissions for action."}
2025-12-13 15:47:44 [ERROR] [Agent-A] Failed to fetch data: binance {"code":-2015,"msg":"Invalid API-key, IP, or permissions for action."}
2025-12-13 15:48:44 [ERROR] [Agent-A] Failed to fetch data: binance {"code":-2015,"msg":"Invalid API-key, IP, or permissions for action."}
2025-12-13 15:49:44 [ERROR] [Agent-A] Failed to fetch data: binance {"code":-2015,"msg":"Invalid API-key, IP, or permissions for action."}
2025-12-13 15:50:44 [ERROR] [Agent-A] Failed to fetch data: binance {"code":-2015,"msg":"Invalid API-key, IP, or permissions for action."}
2025-12-13 15:51:44 [ERROR] [Agent-A] Failed to fetch data: binance {"code":-2015,"msg":"Invalid API-key, IP, or permissions for action."}
2025-12-13 15:52:45 [ERROR] [Agent-A] Failed to fetch data: binance {"code":-2015,"msg":"Invalid API-key, IP, or permissions for action."}
2025-12-13 15:53:45 [ERROR] [Agent-A] Failed to fetch data: binance {"code":-2015,"msg":"Invalid API-key, IP, or permissions for action."}
2025-12-13 15:54:45 [ERROR] [Agent-A] Failed to fetch data: binance {"code":-2015,"msg":"Invalid API-key, IP, or permissions for action."}
2025-12-13 15:55:45 [ERROR] [Agent-A] Failed to fetch data: binance {"code":-2015,"msg":"Invalid API-key, IP, or permissions for action."}
2025-12-13 15:56:45 [ERROR] [Agent-A] Failed to fetch data: binance {"code":-2015,"msg":"Invalid API-key, IP, or permissions for action."}
2025-12-13 15:57:45 [ERROR] [Agent-A] Failed to fetch data: binance {"code":-2015,"msg":"Invalid API-key, IP, or permissions for action."}
2025-12-13 15:58:45 [ERROR] [Agent-A] Failed to fetch data: binance {"code":-2015,"msg":"Invalid API-key, IP, or permissions for action."}
2025-12-13 15:59:45 [ERROR] [Agent-A] Failed to fetch data: binance {"code":-2015,"msg":"Invalid API-key, IP, or permissions for action."}
2025-12-13 16:00:45 [ERROR] [Agent-A] Failed to fetch data: binance {"code":-2015,"msg":"Invalid API-key, IP, or permissions for action."}
2025-12-13 16:00:46 [INFO] [Telegram] Sent hourly status update
2025-12-13 16:01:46 [ERROR] [Agent-A] Failed to fetch data: binance {"code":-2015,"msg":"Invalid API-key, IP, or permissions for action."}
2025-12-13 16:02:46 [ERROR] [Agent-A] Failed to fetch data: binance {"code":-2015,"msg":"Invalid API-key, IP, or permissions for action."}
2025-12-13 16:03:46 [ERROR] [Agent-A] Failed to fetch data: binance {"code":-2015,"msg":"Invalid API-key, IP, or permissions for action."}
2025-12-13 16:04:46 [ERROR] [Agent-A] Failed to fetch data: binance {"code":-2015,"msg":"Invalid API-key, IP, or permissions for action."}
2025-12-13 16:05:46 [ERROR] [Agent-A] Failed to fetch data: binance {"code":-2015,"msg":"Invalid API-key, IP, or permissions for action."}
2025-12-13 16:06:47 [ERROR] [Agent-A] Failed to fetch data: binance {"code":-2015,"msg":"Invalid API-key, IP, or permissions for action."}
2025-12-13 16:07:47 [ERROR] [Agent-A] Failed to fetch data: binance {"code":-2015,"msg":"Invalid API-key, IP, or permissions for action."}
2025-12-13 16:08:47 [ERROR] [Agent-A] Failed to fetch data: binance {"code":-2015,"msg":"Invalid API-key, IP, or permissions for action."}
2025-12-13 16:09:47 [ERROR] [Agent-A] Failed to fetch data: binance {"code":-2015,"msg":"Invalid API-key, IP, or permissions for action."}
2025-12-13 16:10:47 [ERROR] [Agent-A] Failed to fetch data: binance {"code":-2015,"msg":"Invalid API-key, IP, or permissions for action."}
2025-12-13 16:11:47 [ERROR] [Agent-A] Failed to fetch data: binance {"code":-2015,"msg":"Invalid API-key, IP, or permissions for action."}
2025-12-13 16:12:47 [ERROR] [Agent-A] Failed to fetch data: binance {"code":-2015,"msg":"Invalid API-key, IP, or permissions for action."}
2025-12-13 16:13:47 [ERROR] [Agent-A] Failed to fetch data: binance {"code":-2015,"msg":"Invalid API-key, IP, or permissions for action."}
2025-12-13 16:14:47 [ERROR] [Agent-A] Failed to fetch data: binance {"code":-2015,"msg":"Invalid API-key, IP, or permissions for action."}
2025-12-13 16:15:48 [ERROR] [Agent-A] Failed to fetch data: binance {"code":-2015,"msg":"Invalid API-key, IP, or permissions for action."}
2025-12-13 16:16:48 [ERROR] [Agent-A] Failed to fetch data: binance {"code":-2015,"msg":"Invalid API-key, IP, or permissions for action."}
2025-12-13 16:17:48 [ERROR] [Agent-A] Failed to fetch data: binance {"code":-2015,"msg":"Invalid API-key, IP, or permissions for action."}
2025-12-13 16:18:48 [ERROR] [Agent-A] Failed to fetch data: binance {"code":-2015,"msg":"Invalid API-key, IP, or permissions for action."}
2025-12-13 16:19:48 [ERROR] [Agent-A] Failed to fetch data: binance {"code":-2015,"msg":"Invalid API-key, IP, or permissions for action."}
2025-12-13 16:20:48 [ERROR] [Agent-A] Failed to fetch data: binance {"code":-2015,"msg":"Invalid API-key, IP, or permissions for action."}
2025-12-13 16:21:48 [ERROR] [Agent-A] Failed to fetch data: binance {"code":-2015,"msg":"Invalid API-key, IP, or permissions for action."}
2025-12-13 16:22:48 [ERROR] [Agent-A] Failed to fetch data: binance {"code":-2015,"msg":"Invalid API-key, IP, or permissions for action."}
2025-12-13 16:23:48 [ERROR] [Agent-A] Failed to fetch data: binance {"code":-2015,"msg":"Invalid API-key, IP, or permissions for action."}
2025-12-13 16:24:48 [ERROR] [Agent-A] Failed to fetch data: binance {"code":-2015,"msg":"Invalid API-key, IP, or permissions for action."}
2025-12-13 16:25:49 [ERROR] [Agent-A] Failed to fetch data: binance {"code":-2015,"msg":"Invalid API-key, IP, or permissions for action."}
2025-12-13 16:26:49 [ERROR] [Agent-A] Failed to fetch data: binance {"code":-2015,"msg":"Invalid API-key, IP, or permissions for action."}
2025-12-13 16:27:49 [ERROR] [Agent-A] Failed to fetch data: binance {"code":-2015,"msg":"Invalid API-key, IP, or permissions for action."}
2025-12-13 16:28:49 [ERROR] [Agent-A] Failed to fetch data: binance {"code":-2015,"msg":"Invalid API-key, IP, or permissions for action."}
2025-12-13 16:29:49 [ERROR] [Agent-A] Failed to fetch data: binance {"code":-2015,"msg":"Invalid API-key, IP, or permissions for action."}
2025-12-13 16:30:49 [ERROR] [Agent-A] Failed to fetch data: binance {"code":-2015,"msg":"Invalid API-key, IP, or permissions for action."}
2025-12-13 16:31:49 [ERROR] [Agent-A] Failed to fetch data: binance {"code":-2015,"msg":"Invalid API-key, IP, or permissions for action."}
2025-12-13 16:32:49 [ERROR] [Agent-A] Failed to fetch data: binance {"code":-2015,"msg":"Invalid API-key, IP, or permissions for action."}
2025-12-13 16:33:49 [ERROR] [Agent-A] Failed to fetch data: binance {"code":-2015,"msg":"Invalid API-key, IP, or permissions for action."}
2025-12-13 16:34:50 [ERROR] [Agent-A] Failed to fetch data: binance {"code":-2015,"msg":"Invalid API-key, IP, or permissions for action."}
2025-12-13 16:35:50 [ERROR] [Agent-A] Failed to fetch data: binance {"code":-2015,"msg":"Invalid API-key, IP, or permissions for action."}
2025-12-13 16:36:50 [ERROR] [Agent-A] Failed to fetch data: binance {"code":-2015,"msg":"Invalid API-key, IP, or permissions for action."}
2025-12-13 16:37:50 [ERROR] [Agent-A] Failed to fetch data: binance {"code":-2015,"msg":"Invalid API-key, IP, or permissions for action."}
2025-12-13 16:38:50 [ERROR] [Agent-A] Failed to fetch data: binance {"code":-2015,"msg":"Invalid API-key, IP, or permissions for action."}
2025-12-13 16:39:50 [ERROR] [Agent-A] Failed to fetch data: binance {"code":-2015,"msg":"Invalid API-key, IP, or permissions for action."}
2025-12-13 16:40:50 [ERROR] [Agent-A] Failed to fetch data: binance {"code":-2015,"msg":"Invalid API-key, IP, or permissions for action."}
2025-12-13 16:41:50 [ERROR] [Agent-A] Failed to fetch data: binance {"code":-2015,"msg":"Invalid API-key, IP, or permissions for action."}
2025-12-13 16:42:50 [ERROR] [Agent-A] Failed to fetch data: binance {"code":-2015,"msg":"Invalid API-key, IP, or permissions for action."}
2025-12-13 16:43:50 [ERROR] [Agent-A] Failed to fetch data: binance {"code":-2015,"msg":"Invalid API-key, IP, or permissions for action."}
2025-12-13 16:44:50 [ERROR] [Agent-A] Failed to fetch data: binance {"code":-2015,"msg":"Invalid API-key, IP, or permissions for action."}
2025-12-13 16:45:51 [ERROR] [Agent-A] Failed to fetch data: binance {"code":-2015,"msg":"Invalid API-key, IP, or permissions for action."}
2025-12-13 16:46:51 [ERROR] [Agent-A] Failed to fetch data: binance {"code":-2015,"msg":"Invalid API-key, IP, or permissions for action."}
2025-12-13 16:47:51 [ERROR] [Agent-A] Failed to fetch data: binance {"code":-2015,"msg":"Invalid API-key, IP, or permissions for action."}
2025-12-13 16:48:51 [ERROR] [Agent-A] Failed to fetch data: binance {"code":-2015,"msg":"Invalid API-key, IP, or permissions for action."}
2025-12-13 16:49:51 [ERROR] [Agent-A] Failed to fetch data: binance {"code":-2015,"msg":"Invalid API-key, IP, or permissions for action."}
2025-12-13 16:50:51 [ERROR] [Agent-A] Failed to fetch data: binance {"code":-2015,"msg":"Invalid API-key, IP, or permissions for action."}
2025-12-13 16:51:51 [ERROR] [Agent-A] Failed to fetch data: binance {"code":-2015,"msg":"Invalid API-key, IP, or permissions for action."}
2025-12-13 16:52:51 [ERROR] [Agent-A] Failed to fetch data: binance {"code":-2015,"msg":"Invalid API-key, IP, or permissions for action."}
2025-12-13 16:53:51 [ERROR] [Agent-A] Failed to fetch data: binance {"code":-2015,"msg":"Invalid API-key, IP, or permissions for action."}
2025-12-13 16:54:51 [ERROR] [Agent-A] Failed to fetch data: binance {"code":-2015,"msg":"Invalid API-key, IP, or permissions for action."}
2025-12-13 16:55:52 [ERROR] [Agent-A] Failed to fetch data: binance {"code":-2015,"msg":"Invalid API-key, IP, or permissions for action."}
2025-12-13 16:56:52 [ERROR] [Agent-A] Failed to fetch data: binance {"code":-2015,"msg":"Invalid API-key, IP, or permissions for action."}
2025-12-13 16:57:52 [ERROR] [Agent-A] Failed to fetch data: binance {"code":-2015,"msg":"Invalid API-key, IP, or permissions for action."}
2025-12-13 16:58:52 [ERROR] [Agent-A] Failed to fetch data: binance {"code":-2015,"msg":"Invalid API-key, IP, or permissions for action."}
2025-12-13 16:59:52 [ERROR] [Agent-A] Failed to fetch data: binance {"code":-2015,"msg":"Invalid API-key, IP, or permissions for action."}
2025-12-13 17:00:52 [ERROR] [Agent-A] Failed to fetch data: binance {"code":-2015,"msg":"Invalid API-key, IP, or permissions for action."}
2025-12-13 17:00:53 [INFO] [Telegram] Sent hourly status update
2025-12-13 17:01:53 [ERROR] [Agent-A] Failed to fetch data: binance {"code":-2015,"msg":"Invalid API-key, IP, or permissions for action."}
2025-12-13 17:02:53 [ERROR] [Agent-A] Failed to fetch data: binance {"code":-2015,"msg":"Invalid API-key, IP, or permissions for action."}
2025-12-13 17:03:53 [ERROR] [Agent-A] Failed to fetch data: binance {"code":-2015,"msg":"Invalid API-key, IP, or permissions for action."}
2025-12-13 17:04:53 [ERROR] [Agent-A] Failed to fetch data: binance {"code":-2015,"msg":"Invalid API-key, IP, or permissions for action."}
2025-12-13 17:05:53 [ERROR] [Agent-A] Failed to fetch data: binance {"code":-2015,"msg":"Invalid API-key, IP, or permissions for action."}
2025-12-13 17:06:53 [ERROR] [Agent-A] Failed to fetch data: binance {"code":-2015,"msg":"Invalid API-key, IP, or permissions for action."}
2025-12-13 17:07:53 [ERROR] [Agent-A] Failed to fetch data: binance {"code":-2015,"msg":"Invalid API-key, IP, or permissions for action."}
2025-12-13 17:08:53 [ERROR] [Agent-A] Failed to fetch data: binance {"code":-2015,"msg":"Invalid API-key, IP, or permissions for action."}
2025-12-13 17:09:54 [ERROR] [Agent-A] Failed to fetch data: binance {"code":-2015,"msg":"Invalid API-key, IP, or permissions for action."}
2025-12-13 17:10:54 [ERROR] [Agent-A] Failed to fetch data: binance {"code":-2015,"msg":"Invalid API-key, IP, or permissions for action."}
2025-12-13 17:11:54 [ERROR] [Agent-A] Failed to fetch data: binance {"code":-2015,"msg":"Invalid API-key, IP, or permissions for action."}
2025-12-13 17:12:54 [ERROR] [Agent-A] Failed to fetch data: binance {"code":-2015,"msg":"Invalid API-key, IP, or permissions for action."}
2025-12-13 17:13:54 [ERROR] [Agent-A] Failed to fetch data: binance {"code":-2015,"msg":"Invalid API-key, IP, or permissions for action."}
2025-12-13 17:14:54 [ERROR] [Agent-A] Failed to fetch data: binance {"code":-2015,"msg":"Invalid API-key, IP, or permissions for action."}
2025-12-13 17:15:54 [ERROR] [Agent-A] Failed to fetch data: binance {"code":-2015,"msg":"Invalid API-key, IP, or permissions for action."}
2025-12-13 17:16:54 [ERROR] [Agent-A] Failed to fetch data: binance {"code":-2015,"msg":"Invalid API-key, IP, or permissions for action."}
2025-12-13 17:17:54 [ERROR] [Agent-A] Failed to fetch data: binance {"code":-2015,"msg":"Invalid API-key, IP, or permissions for action."}
2025-12-13 17:18:54 [ERROR] [Agent-A] Failed to fetch data: binance {"code":-2015,"msg":"Invalid API-key, IP, or permissions for action."}
2025-12-13 17:19:54 [ERROR] [Agent-A] Failed to fetch data: binance {"code":-2015,"msg":"Invalid API-key, IP, or permissions for action."}
2025-12-13 17:20:54 [ERROR] [Agent-A] Failed to fetch data: binance {"code":-2015,"msg":"Invalid API-key, IP, or permissions for action."}
2025-12-13 17:21:55 [ERROR] [Agent-A] Failed to fetch data: binance {"code":-2015,"msg":"Invalid API-key, IP, or permissions for action."}
2025-12-13 17:22:55 [ERROR] [Agent-A] Failed to fetch data: binance {"code":-2015,"msg":"Invalid API-key, IP, or permissions for action."}
2025-12-13 17:23:55 [ERROR] [Agent-A] Failed to fetch data: binance {"code":-2015,"msg":"Invalid API-key, IP, or permissions for action."}
2025-12-13 17:24:55 [ERROR] [Agent-A] Failed to fetch data: binance {"code":-2015,"msg":"Invalid API-key, IP, or permissions for action."}
2025-12-13 17:25:55 [ERROR] [Agent-A] Failed to fetch data: binance {"code":-2015,"msg":"Invalid API-key, IP, or permissions for action."}
2025-12-13 17:26:55 [ERROR] [Agent-A] Failed to fetch data: binance {"code":-2015,"msg":"Invalid API-key, IP, or permissions for action."}
2025-12-13 17:27:55 [ERROR] [Agent-A] Failed to fetch data: binance {"code":-2015,"msg":"Invalid API-key, IP, or permissions for action."}
2025-12-13 17:28:55 [ERROR] [Agent-A] Failed to fetch data: binance {"code":-2015,"msg":"Invalid API-key, IP, or permissions for action."}
2025-12-13 17:29:55 [ERROR] [Agent-A] Failed to fetch data: binance {"code":-2015,"msg":"Invalid API-key, IP, or permissions for action."}
2025-12-13 17:30:55 [ERROR] [Agent-A] Failed to fetch data: binance {"code":-2015,"msg":"Invalid API-key, IP, or permissions for action."}
2025-12-13 17:31:55 [ERROR] [Agent-A] Failed to fetch data: binance {"code":-2015,"msg":"Invalid API-key, IP, or permissions for action."}
2025-12-13 17:32:56 [ERROR] [Agent-A] Failed to fetch data: binance {"code":-2015,"msg":"Invalid API-key, IP, or permissions for action."}
2025-12-13 17:33:56 [ERROR] [Agent-A] Failed to fetch data: binance {"code":-2015,"msg":"Invalid API-key, IP, or permissions for action."}
2025-12-13 17:34:56 [ERROR] [Agent-A] Failed to fetch data: binance {"code":-2015,"msg":"Invalid API-key, IP, or permissions for action."}
2025-12-13 17:35:56 [ERROR] [Agent-A] Failed to fetch data: binance {"code":-2015,"msg":"Invalid API-key, IP, or permissions for action."}
2025-12-13 17:36:56 [ERROR] [Agent-A] Failed to fetch data: binance {"code":-2015,"msg":"Invalid API-key, IP, or permissions for action."}
2025-12-13 17:37:56 [ERROR] [Agent-A] Failed to fetch data: binance {"code":-2015,"msg":"Invalid API-key, IP, or permissions for action."}
2025-12-13 17:38:56 [ERROR] [Agent-A] Failed to fetch data: binance {"code":-2015,"msg":"Invalid API-key, IP, or permissions for action."}
2025-12-13 17:39:56 [ERROR] [Agent-A] Failed to fetch data: binance {"code":-2015,"msg":"Invalid API-key, IP, or permissions for action."}
2025-12-13 17:40:56 [ERROR] [Agent-A] Failed to fetch data: binance {"code":-2015,"msg":"Invalid API-key, IP, or permissions for action."}
2025-12-13 17:41:56 [ERROR] [Agent-A] Failed to fetch data: binance {"code":-2015,"msg":"Invalid API-key, IP, or permissions for action."}
2025-12-13 17:42:56 [ERROR] [Agent-A] Failed to fetch data: binance {"code":-2015,"msg":"Invalid API-key, IP, or permissions for action."}
2025-12-13 17:43:57 [ERROR] [Agent-A] Failed to fetch data: binance {"code":-2015,"msg":"Invalid API-key, IP, or permissions for action."}
2025-12-13 17:44:57 [ERROR] [Agent-A] Failed to fetch data: binance {"code":-2015,"msg":"Invalid API-key, IP, or permissions for action."}
2025-12-13 17:45:57 [ERROR] [Agent-A] Failed to fetch data: binance {"code":-2015,"msg":"Invalid API-key, IP, or permissions for action."}
2025-12-13 17:46:57 [ERROR] [Agent-A] Failed to fetch data: binance {"code":-2015,"msg":"Invalid API-key, IP, or permissions for action."}
2025-12-13 17:47:57 [ERROR] [Agent-A] Failed to fetch data: binance {"code":-2015,"msg":"Invalid API-key, IP, or permissions for action."}
2025-12-13 17:48:57 [ERROR] [Agent-A] Failed to fetch data: binance {"code":-2015,"msg":"Invalid API-key, IP, or permissions for action."}
2025-12-13 17:49:57 [ERROR] [Agent-A] Failed to fetch data: binance {"code":-2015,"msg":"Invalid API-key, IP, or permissions for action."}
2025-12-13 17:50:57 [ERROR] [Agent-A] Failed to fetch data: binance {"code":-2015,"msg":"Invalid API-key, IP, or permissions for action."}
2025-12-13 17:51:57 [ERROR] [Agent-A] Failed to fetch data: binance {"code":-2015,"msg":"Invalid API-key, IP, or permissions for action."}
2025-12-13 17:52:57 [ERROR] [Agent-A] Failed to fetch data: binance {"code":-2015,"msg":"Invalid API-key, IP, or permissions for action."}
2025-12-13 17:53:57 [ERROR] [Agent-A] Failed to fetch data: binance {"code":-2015,"msg":"Invalid API-key, IP, or permissions for action."}
2025-12-13 17:54:57 [ERROR] [Agent-A] Failed to fetch data: binance {"code":-2015,"msg":"Invalid API-key, IP, or permissions for action."}
2025-12-13 17:55:58 [ERROR] [Agent-A] Failed to fetch data: binance {"code":-2015,"msg":"Invalid API-key, IP, or permissions for action."}
2025-12-13 17:56:58 [ERROR] [Agent-A] Failed to fetch data: binance {"code":-2015,"msg":"Invalid API-key, IP, or permissions for action."}
2025-12-13 17:57:58 [ERROR] [Agent-A] Failed to fetch data: binance {"code":-2015,"msg":"Invalid API-key, IP, or permissions for action."}
2025-12-13 17:58:58 [ERROR] [Agent-A] Failed to fetch data: binance {"code":-2015,"msg":"Invalid API-key, IP, or permissions for action."}
2025-12-13 17:59:58 [ERROR] [Agent-A] Failed to fetch data: binance {"code":-2015,"msg":"Invalid API-key, IP, or permissions for action."}
2025-12-13 18:00:58 [ERROR] [Agent-A] Failed to fetch data: binance {"code":-2015,"msg":"Invalid API-key, IP, or permissions for action."}
2025-12-13 18:00:59 [INFO] [Telegram] Sent hourly status update
2025-12-13 18:01:59 [ERROR] [Agent-A] Failed to fetch data: binance {"code":-2015,"msg":"Invalid API-key, IP, or permissions for action."}
2025-12-13 18:02:59 [ERROR] [Agent-A] Failed to fetch data: binance {"code":-2015,"msg":"Invalid API-key, IP, or permissions for action."}
2025-12-13 18:03:59 [ERROR] [Agent-A] Failed to fetch data: binance {"code":-2015,"msg":"Invalid API-key, IP, or permissions for action."}
2025-12-13 18:04:59 [ERROR] [Agent-A] Failed to fetch data: binance {"code":-2015,"msg":"Invalid API-key, IP, or permissions for action."}
2025-12-13 18:05:59 [ERROR] [Agent-A] Failed to fetch data: binance {"code":-2015,"msg":"Invalid API-key, IP, or permissions for action."}
2025-12-13 18:06:59 [ERROR] [Agent-A] Failed to fetch data: binance {"code":-2015,"msg":"Invalid API-key, IP, or permissions for action."}
2025-12-13 18:07:59 [ERROR] [Agent-A] Failed to fetch data: binance {"code":-2015,"msg":"Invalid API-key, IP, or permissions for action."}
2025-12-13 18:08:59 [ERROR] [Agent-A] Failed to fetch data: binance {"code":-2015,"msg":"Invalid API-key, IP, or permissions for action."}
2025-12-13 18:10:00 [ERROR] [Agent-A] Failed to fetch data: binance {"code":-2015,"msg":"Invalid API-key, IP, or permissions for action."}
2025-12-13 18:11:00 [ERROR] [Agent-A] Failed to fetch data: binance {"code":-2015,"msg":"Invalid API-key, IP, or permissions for action."}
2025-12-13 18:12:00 [ERROR] [Agent-A] Failed to fetch data: binance {"code":-2015,"msg":"Invalid API-key, IP, or permissions for action."}
2025-12-13 18:13:00 [ERROR] [Agent-A] Failed to fetch data: binance {"code":-2015,"msg":"Invalid API-key, IP, or permissions for action."}
2025-12-13 18:14:00 [ERROR] [Agent-A] Failed to fetch data: binance {"code":-2015,"msg":"Invalid API-key, IP, or permissions for action."}
2025-12-13 18:15:00 [ERROR] [Agent-A] Failed to fetch data: binance {"code":-2015,"msg":"Invalid API-key, IP, or permissions for action."}
2025-12-13 18:16:00 [ERROR] [Agent-A] Failed to fetch data: binance {"code":-2015,"msg":"Invalid API-key, IP, or permissions for action."}
2025-12-13 18:17:00 [ERROR] [Agent-A] Failed to fetch data: binance {"code":-2015,"msg":"Invalid API-key, IP, or permissions for action."}
2025-12-13 18:18:00 [ERROR] [Agent-A] Failed to fetch data: binance {"code":-2015,"msg":"Invalid API-key, IP, or permissions for action."}
2025-12-13 18:19:00 [ERROR] [Agent-A] Failed to fetch data: binance {"code":-2015,"msg":"Invalid API-key, IP, or permissions for action."}
2025-12-13 18:20:00 [ERROR] [Agent-A] Failed to fetch data: binance {"code":-2015,"msg":"Invalid API-key, IP, or permissions for action."}
2025-12-13 18:21:00 [ERROR] [Agent-A] Failed to fetch data: binance {"code":-2015,"msg":"Invalid API-key, IP, or permissions for action."}
2025-12-13 18:22:01 [ERROR] [Agent-A] Failed to fetch data: binance {"code":-2015,"msg":"Invalid API-key, IP, or permissions for action."}
2025-12-13 18:23:01 [ERROR] [Agent-A] Failed to fetch data: binance {"code":-2015,"msg":"Invalid API-key, IP, or permissions for action."}
2025-12-13 18:24:01 [ERROR] [Agent-A] Failed to fetch data: binance {"code":-2015,"msg":"Invalid API-key, IP, or permissions for action."}
2025-12-13 18:25:01 [ERROR] [Agent-A] Failed to fetch data: binance {"code":-2015,"msg":"Invalid API-key, IP, or permissions for action."}
2025-12-13 18:26:01 [ERROR] [Agent-A] Failed to fetch data: binance {"code":-2015,"msg":"Invalid API-key, IP, or permissions for action."}
2025-12-13 18:27:01 [ERROR] [Agent-A] Failed to fetch data: binance {"code":-2015,"msg":"Invalid API-key, IP, or permissions for action."}
2025-12-13 18:28:01 [ERROR] [Agent-A] Failed to fetch data: binance {"code":-2015,"msg":"Invalid API-key, IP, or permissions for action."}
2025-12-13 18:29:01 [ERROR] [Agent-A] Failed to fetch data: binance {"code":-2015,"msg":"Invalid API-key, IP, or permissions for action."}
